# JRE version: OpenJDK Runtime Environment JBR-21.0.5+8-631.16-jcef (21.0.5+8) (build 21.0.5+8-b631.16)
# Java VM: OpenJDK 64-Bit Server VM JBR-21.0.5+8-631.16-jcef (21.0.5+8-b631.16, mixed mode, sharing, tiered, compressed oops, compressed class ptrs, g1 gc, windows-amd64)
GC Precious Log:
 CardTable entry size: 512
 Card Set container configuration: InlinePtr #cards 5 size 8 Array Of Cards #cards 12 size 40 Howl #buckets 4 coarsen threshold 1843 Howl Bitmap #cards 512 size 80 coarsen threshold 460 Card regions per heap region 1 cards per card region 2048
 CPUs: 8 total, 8 available
 Memory: 14274M
 Large Page Support: Disabled
 NUMA Support: Disabled
 Compressed Oops: Enabled (32-bit)
 Heap Region Size: 1M
 Heap Min Capacity: 128M
 Heap Initial Capacity: 128M
 Heap Max Capacity: 2G
 Pre-touch: Disabled
 Parallel Workers: 8
 Concurrent Workers: 2
 Concurrent Refinement Workers: 8
 Periodic GC: Disabled
Heap:
 garbage-first heap   total 131072K, used 18549K [0x0000000080000000, 0x0000000100000000)
  region size 1024K, 8 young (8192K), 0 survivors (0K)
 Metaspace       used 17903K, committed 18624K, reserved 1114112K
  class space    used 1986K, committed 2240K, reserved 1048576K
GC Heap History (15 events):
Event: 0.811 GC heap before
{Heap before GC invocations=0 (full 0):
 garbage-first heap   total 131072K, used 26624K [0x0000000080000000, 0x0000000100000000)
  region size 1024K, 23 young (23552K), 0 survivors (0K)
 Metaspace       used 8284K, committed 8704K, reserved 1114112K
  class space    used 1041K, committed 1216K, reserved 1048576K
}
Event: 0.817 GC heap after
{Heap after GC invocations=1 (full 0):
 garbage-first heap   total 131072K, used 9312K [0x0000000080000000, 0x0000000100000000)
  region size 1024K, 3 young (3072K), 3 survivors (3072K)
 Metaspace       used 8284K, committed 8704K, reserved 1114112K
  class space    used 1041K, committed 1216K, reserved 1048576K
}
Event: 342.679 GC heap before
{Heap before GC invocations=1 (full 0):
 garbage-first heap   total 131072K, used 36960K [0x0000000080000000, 0x0000000100000000)
  region size 1024K, 31 young (31744K), 3 survivors (3072K)
 Metaspace       used 18043K, committed 18496K, reserved 1114112K
  class space    used 2057K, committed 2240K, reserved 1048576K
}
Event: 342.686 GC heap after
{Heap after GC invocations=2 (full 0):
 garbage-first heap   total 131072K, used 12813K [0x0000000080000000, 0x0000000100000000)
  region size 1024K, 4 young (4096K), 4 survivors (4096K)
 Metaspace       used 18043K, committed 18496K, reserved 1114112K
  class space    used 2057K, committed 2240K, reserved 1048576K
}
Event: 3600.007 GC heap before
{Heap before GC invocations=2 (full 0):
 garbage-first heap   total 131072K, used 22029K [0x0000000080000000, 0x0000000100000000)
  region size 1024K, 14 young (14336K), 4 survivors (4096K)
 Metaspace       used 18180K, committed 18624K, reserved 1114112K
  class space    used 2058K, committed 2240K, reserved 1048576K
}
Event: 3600.027 GC heap after
{Heap after GC invocations=3 (full 1):
 garbage-first heap   total 131072K, used 12035K [0x0000000080000000, 0x0000000100000000)
  region size 1024K, 0 young (0K), 0 survivors (0K)
 Metaspace       used 18125K, committed 18624K, reserved 1114112K
  class space    used 2045K, committed 2240K, reserved 1048576K
}
Event: 7200.028 GC heap before
{Heap before GC invocations=3 (full 1):
 garbage-first heap   total 131072K, used 20227K [0x0000000080000000, 0x0000000100000000)
  region size 1024K, 9 young (9216K), 0 survivors (0K)
 Metaspace       used 18125K, committed 18624K, reserved 1114112K
  class space    used 2045K, committed 2240K, reserved 1048576K
}
Event: 7200.045 GC heap after
{Heap after GC invocations=4 (full 2):
 garbage-first heap   total 131072K, used 11383K [0x0000000080000000, 0x0000000100000000)
  region size 1024K, 0 young (0K), 0 survivors (0K)
 Metaspace       used 17874K, committed 18624K, reserved 1114112K
  class space    used 1986K, committed 2240K, reserved 1048576K
}
Event: 10800.058 GC heap before
{Heap before GC invocations=4 (full 2):
 garbage-first heap   total 131072K, used 18551K [0x0000000080000000, 0x0000000100000000)
  region size 1024K, 8 young (8192K), 0 survivors (0K)
 Metaspace       used 17885K, committed 18624K, reserved 1114112K
  class space    used 1986K, committed 2240K, reserved 1048576K
}
Event: 10800.071 GC heap after
{Heap after GC invocations=5 (full 3):
 garbage-first heap   total 131072K, used 11379K [0x0000000080000000, 0x0000000100000000)
  region size 1024K, 0 young (0K), 0 survivors (0K)
 Metaspace       used 17885K, committed 18624K, reserved 1114112K
  class space    used 1986K, committed 2240K, reserved 1048576K
}
Event: 14400.086 GC heap before
{Heap before GC invocations=5 (full 3):
 garbage-first heap   total 131072K, used 17523K [0x0000000080000000, 0x0000000100000000)
  region size 1024K, 7 young (7168K), 0 survivors (0K)
 Metaspace       used 17896K, committed 18624K, reserved 1114112K
  class space    used 1986K, committed 2240K, reserved 1048576K
}
Event: 14400.100 GC heap after
{Heap after GC invocations=6 (full 4):
 garbage-first heap   total 131072K, used 11379K [0x0000000080000000, 0x0000000100000000)
  region size 1024K, 0 young (0K), 0 survivors (0K)
 Metaspace       used 17896K, committed 18624K, reserved 1114112K
  class space    used 1986K, committed 2240K, reserved 1048576K
}
Event: 18000.103 GC heap before
{Heap before GC invocations=6 (full 4):
 garbage-first heap   total 131072K, used 18547K [0x0000000080000000, 0x0000000100000000)
  region size 1024K, 8 young (8192K), 0 survivors (0K)
 Metaspace       used 17900K, committed 18624K, reserved 1114112K
  class space    used 1986K, committed 2240K, reserved 1048576K
}
Event: 18000.117 GC heap after
{Heap after GC invocations=7 (full 5):
 garbage-first heap   total 131072K, used 11381K [0x0000000080000000, 0x0000000100000000)
  region size 1024K, 0 young (0K), 0 survivors (0K)
 Metaspace       used 17900K, committed 18624K, reserved 1114112K
  class space    used 1986K, committed 2240K, reserved 1048576K
}
Event: 21600.129 GC heap before
{Heap before GC invocations=7 (full 5):
 garbage-first heap   total 131072K, used 18549K [0x0000000080000000, 0x0000000100000000)
  region size 1024K, 8 young (8192K), 0 survivors (0K)
 Metaspace       used 17903K, committed 18624K, reserved 1114112K
  class space    used 1986K, committed 2240K, reserved 1048576K
}

